Build started 1/22/2014 12:16:37 PM.
     1>Project "C:\Users\Spark Flash\documents\visual studio 2012\Projects\Project1.1\Project1.1\Project1.1.vcxproj" on node 2 (Build target(s)).
     1>Link:
         C:\Program Files (x86)\Microsoft Visual Studio 11.0\VC\bin\link.exe /ERRORREPORT:PROMPT /OUT:"C:\Users\Spark Flash\documents\visual studio 2012\Projects\Project1.1\Debug\Project1.1.exe" /INCREMENTAL /NOLOGO kernel32.lib user32.lib gdi32.lib winspool.lib comdlg32.lib advapi32.lib shell32.lib ole32.lib oleaut32.lib uuid.lib odbc32.lib odbccp32.lib /MANIFEST /MANIFESTUAC:"level='asInvoker' uiAccess='false'" /manifest:embed /DEBUG /PDB:"C:\Users\Spark Flash\documents\visual studio 2012\Projects\Project1.1\Debug\Project1.1.pdb" /SUBSYSTEM:CONSOLE /TLBID:1 /DYNAMICBASE /NXCOMPAT /IMPLIB:"C:\Users\Spark Flash\documents\visual studio 2012\Projects\Project1.1\Debug\Project1.1.lib" /MACHINE:X86 Debug\mainfile.obj
     1>LINK : fatal error LNK1168: cannot open C:\Users\Spark Flash\documents\visual studio 2012\Projects\Project1.1\Debug\Project1.1.exe for writing
     1>Done Building Project "C:\Users\Spark Flash\documents\visual studio 2012\Projects\Project1.1\Project1.1\Project1.1.vcxproj" (Build target(s)) -- FAILED.

Build FAILED.

Time Elapsed 00:00:00.47
